# JRE version: OpenJDK Runtime Environment (8.0_242-b01) (build 1.8.0_242-release-1644-b01)
# Java VM: OpenJDK 64-Bit Server VM (25.242-b01 mixed mode windows-amd64 compressed oops)
Heap:
 PSYoungGen      total 351744K, used 328057K [0x00000000d5580000, 0x00000000ef280000, 0x0000000100000000)
  eden space 291840K, 100% used [0x00000000d5580000,0x00000000e7280000,0x00000000e7280000)
  from space 59904K, 60% used [0x00000000eb800000,0x00000000edb5e770,0x00000000ef280000)
  to   space 65536K, 35% used [0x00000000e7280000,0x00000000e8949008,0x00000000eb280000)
 ParOldGen       total 315904K, used 89474K [0x0000000080000000, 0x0000000093480000, 0x00000000d5580000)
  object space 315904K, 28% used [0x0000000080000000,0x0000000085760900,0x0000000093480000)
 Metaspace       used 115559K, capacity 121710K, committed 122136K, reserved 1155072K
  class space    used 14771K, capacity 15958K, committed 16168K, reserved 1048576K
GC Heap History (10 events):
Event: 4478.720 GC heap after
Heap after GC invocations=36 (full 4):
 PSYoungGen      total 263168K, used 34908K [0x00000000d5580000, 0x00000000e9480000, 0x0000000100000000)
  eden space 217088K, 0% used [0x00000000d5580000,0x00000000d5580000,0x00000000e2980000)
  from space 46080K, 75% used [0x00000000e5800000,0x00000000e7a172b8,0x00000000e8500000)
  to   space 47616K, 0% used [0x00000000e2980000,0x00000000e2980000,0x00000000e5800000)
 ParOldGen       total 315904K, used 43596K [0x0000000080000000, 0x0000000093480000, 0x00000000d5580000)
  object space 315904K, 13% used [0x0000000080000000,0x0000000082a930e8,0x0000000093480000)
 Metaspace       used 112712K, capacity 118490K, committed 118936K, reserved 1153024K
  class space    used 14429K, capacity 15546K, committed 15784K, reserved 1048576K
}
Event: 4479.817 GC heap before
{Heap before GC invocations=37 (full 4):
 PSYoungGen      total 263168K, used 251996K [0x00000000d5580000, 0x00000000e9480000, 0x0000000100000000)
  eden space 217088K, 100% used [0x00000000d5580000,0x00000000e2980000,0x00000000e2980000)
  from space 46080K, 75% used [0x00000000e5800000,0x00000000e7a172b8,0x00000000e8500000)
  to   space 47616K, 0% used [0x00000000e2980000,0x00000000e2980000,0x00000000e5800000)
 ParOldGen       total 315904K, used 43596K [0x0000000080000000, 0x0000000093480000, 0x00000000d5580000)
  object space 315904K, 13% used [0x0000000080000000,0x0000000082a930e8,0x0000000093480000)
 Metaspace       used 113067K, capacity 118840K, committed 119320K, reserved 1153024K
  class space    used 14470K, capacity 15601K, committed 15912K, reserved 1048576K
Event: 4479.884 GC heap after
Heap after GC invocations=37 (full 4):
 PSYoungGen      total 264704K, used 37946K [0x00000000d5580000, 0x00000000eab80000, 0x0000000100000000)
  eden space 217088K, 0% used [0x00000000d5580000,0x00000000d5580000,0x00000000e2980000)
  from space 47616K, 79% used [0x00000000e2980000,0x00000000e4e8e820,0x00000000e5800000)
  to   space 50176K, 0% used [0x00000000e7a80000,0x00000000e7a80000,0x00000000eab80000)
 ParOldGen       total 315904K, used 43604K [0x0000000080000000, 0x0000000093480000, 0x00000000d5580000)
  object space 315904K, 13% used [0x0000000080000000,0x0000000082a950e8,0x0000000093480000)
 Metaspace       used 113067K, capacity 118840K, committed 119320K, reserved 1153024K
  class space    used 14470K, capacity 15601K, committed 15912K, reserved 1048576K
}
Event: 4481.733 GC heap before
{Heap before GC invocations=38 (full 4):
 PSYoungGen      total 264704K, used 255034K [0x00000000d5580000, 0x00000000eab80000, 0x0000000100000000)
  eden space 217088K, 100% used [0x00000000d5580000,0x00000000e2980000,0x00000000e2980000)
  from space 47616K, 79% used [0x00000000e2980000,0x00000000e4e8e820,0x00000000e5800000)
  to   space 50176K, 0% used [0x00000000e7a80000,0x00000000e7a80000,0x00000000eab80000)
 ParOldGen       total 315904K, used 43604K [0x0000000080000000, 0x0000000093480000, 0x00000000d5580000)
  object space 315904K, 13% used [0x0000000080000000,0x0000000082a950e8,0x0000000093480000)
 Metaspace       used 113221K, capacity 118996K, committed 119320K, reserved 1153024K
  class space    used 14483K, capacity 15607K, committed 15912K, reserved 1048576K
Event: 4481.982 GC heap after
Heap after GC invocations=38 (full 4):
 PSYoungGen      total 301568K, used 23288K [0x00000000d5580000, 0x00000000eaf00000, 0x0000000100000000)
  eden space 251392K, 0% used [0x00000000d5580000,0x00000000d5580000,0x00000000e4b00000)
  from space 50176K, 46% used [0x00000000e7a80000,0x00000000e913e198,0x00000000eab80000)
  to   space 48640K, 0% used [0x00000000e4b00000,0x00000000e4b00000,0x00000000e7a80000)
 ParOldGen       total 315904K, used 53093K [0x0000000080000000, 0x0000000093480000, 0x00000000d5580000)
  object space 315904K, 16% used [0x0000000080000000,0x00000000833d9630,0x0000000093480000)
 Metaspace       used 113221K, capacity 118996K, committed 119320K, reserved 1153024K
  class space    used 14483K, capacity 15607K, committed 15912K, reserved 1048576K
}
Event: 4485.513 GC heap before
{Heap before GC invocations=39 (full 4):
 PSYoungGen      total 301568K, used 274680K [0x00000000d5580000, 0x00000000eaf00000, 0x0000000100000000)
  eden space 251392K, 100% used [0x00000000d5580000,0x00000000e4b00000,0x00000000e4b00000)
  from space 50176K, 46% used [0x00000000e7a80000,0x00000000e913e198,0x00000000eab80000)
  to   space 48640K, 0% used [0x00000000e4b00000,0x00000000e4b00000,0x00000000e7a80000)
 ParOldGen       total 315904K, used 53093K [0x0000000080000000, 0x0000000093480000, 0x00000000d5580000)
  object space 315904K, 16% used [0x0000000080000000,0x00000000833d9630,0x0000000093480000)
 Metaspace       used 113891K, capacity 119792K, committed 120088K, reserved 1153024K
  class space    used 14545K, capacity 15661K, committed 15912K, reserved 1048576K
Event: 4485.623 GC heap after
Heap after GC invocations=39 (full 4):
 PSYoungGen      total 300032K, used 48618K [0x00000000d5580000, 0x00000000ef980000, 0x0000000100000000)
  eden space 251392K, 0% used [0x00000000d5580000,0x00000000d5580000,0x00000000e4b00000)
  from space 48640K, 99% used [0x00000000e4b00000,0x00000000e7a7a9d8,0x00000000e7a80000)
  to   space 67072K, 0% used [0x00000000eb800000,0x00000000eb800000,0x00000000ef980000)
 ParOldGen       total 315904K, used 87121K [0x0000000080000000, 0x0000000093480000, 0x00000000d5580000)
  object space 315904K, 27% used [0x0000000080000000,0x00000000855147b0,0x0000000093480000)
 Metaspace       used 113891K, capacity 119792K, committed 120088K, reserved 1153024K
  class space    used 14545K, capacity 15661K, committed 15912K, reserved 1048576K
}
Event: 4726.935 GC heap before
{Heap before GC invocations=40 (full 4):
 PSYoungGen      total 300032K, used 300010K [0x00000000d5580000, 0x00000000ef980000, 0x0000000100000000)
  eden space 251392K, 100% used [0x00000000d5580000,0x00000000e4b00000,0x00000000e4b00000)
  from space 48640K, 99% used [0x00000000e4b00000,0x00000000e7a7a9d8,0x00000000e7a80000)
  to   space 67072K, 0% used [0x00000000eb800000,0x00000000eb800000,0x00000000ef980000)
 ParOldGen       total 315904K, used 87121K [0x0000000080000000, 0x0000000093480000, 0x00000000d5580000)
  object space 315904K, 27% used [0x0000000080000000,0x00000000855147b0,0x0000000093480000)
 Metaspace       used 115291K, capacity 121380K, committed 121624K, reserved 1155072K
  class space    used 14760K, capacity 15937K, committed 16168K, reserved 1048576K
Event: 4727.010 GC heap after
Heap after GC invocations=40 (full 4):
 PSYoungGen      total 351744K, used 36217K [0x00000000d5580000, 0x00000000ef280000, 0x0000000100000000)
  eden space 291840K, 0% used [0x00000000d5580000,0x00000000d5580000,0x00000000e7280000)
  from space 59904K, 60% used [0x00000000eb800000,0x00000000edb5e770,0x00000000ef280000)
  to   space 65536K, 0% used [0x00000000e7280000,0x00000000e7280000,0x00000000eb280000)
 ParOldGen       total 315904K, used 88729K [0x0000000080000000, 0x0000000093480000, 0x00000000d5580000)
  object space 315904K, 28% used [0x0000000080000000,0x00000000856a67d0,0x0000000093480000)
 Metaspace       used 115291K, capacity 121380K, committed 121624K, reserved 1155072K
  class space    used 14760K, capacity 15937K, committed 16168K, reserved 1048576K
}
Event: 5274.127 GC heap before
{Heap before GC invocations=41 (full 4):
 PSYoungGen      total 351744K, used 328057K [0x00000000d5580000, 0x00000000ef280000, 0x0000000100000000)
  eden space 291840K, 100% used [0x00000000d5580000,0x00000000e7280000,0x00000000e7280000)
  from space 59904K, 60% used [0x00000000eb800000,0x00000000edb5e770,0x00000000ef280000)
  to   space 65536K, 0% used [0x00000000e7280000,0x00000000e7280000,0x00000000eb280000)
 ParOldGen       total 315904K, used 88729K [0x0000000080000000, 0x0000000093480000, 0x00000000d5580000)
  object space 315904K, 28% used [0x0000000080000000,0x00000000856a67d0,0x0000000093480000)
 Metaspace       used 115559K, capacity 121710K, committed 122136K, reserved 1155072K
  class space    used 14771K, capacity 15958K, committed 16168K, reserved 1048576K

